2025-08-27 19:24:24,241 - INFO - Successfully read the YAML file
2025-08-27 19:24:24,241 - INFO - Starting data ingestion
2025-08-27 19:24:24,241 - INFO - Downloading the data from the source
2025-08-27 19:24:24,241 - INFO - Downloaded the data successfully
2025-08-27 19:24:24,241 - INFO - Splitting the data into train, test and validation sets
2025-08-27 19:24:24,242 - INFO - Data split into training, testing and validation sets successfully
2025-08-27 19:24:24,242 - INFO - Saving the ingested data to the directory
2025-08-27 19:24:24,242 - INFO - Data ingestion completed successfully
2025-08-27 19:24:24,242 - INFO - Data ingestion completed
2025-08-27 19:24:24,242 - INFO - Successfully read the YAML file
2025-08-27 19:24:24,242 - INFO - Loading data from raw directory
2025-08-27 19:24:24,242 - INFO - Loading data
2025-08-27 19:24:24,260 - INFO - Loading data
2025-08-27 19:24:24,264 - INFO - Loading data
2025-08-27 19:24:24,351 - INFO - Handling imbalance data
2025-08-27 19:24:24,357 - INFO - Handling imbalance data
2025-08-27 19:24:24,361 - INFO - Handling imbalance data
2025-08-27 19:24:24,364 - INFO - Saving processed data in processed data
2025-08-27 19:24:24,371 - INFO - Data saved successfully in artifacts/processed/processed_validation.csv
2025-08-27 19:24:24,371 - INFO - Saving processed data in processed data
2025-08-27 19:24:24,418 - INFO - Data saved successfully in artifacts/processed/processed_train.csv
2025-08-27 19:24:24,418 - INFO - Saving processed data in processed data
2025-08-27 19:24:24,425 - INFO - Data saved successfully in artifacts/processed/processed_test.csv
2025-08-27 19:24:24,425 - INFO - Data processing completed successfully
2025-08-27 19:24:24,425 - INFO - Loading the pre-processed data for training 
2025-08-27 19:24:24,425 - INFO - Loading training data from artifacts/processed/processed_train.csv
2025-08-27 19:24:24,444 - INFO - Loading testing data from artifacts/processed/processed_test.csv
2025-08-27 19:24:24,447 - INFO - Loading validation data from artifacts/processed/processed_validation.csv
2025-08-27 19:24:24,451 - INFO - Data loading completed successfully.
2025-08-27 19:24:25,910 - INFO - Model training process initiated.
